


ARM Macro Assembler    Page 1 


    1 00000000         ; <<< Use Configuration Wizard in Context Menu >>>
    2 00000000         ;*******************************************************
                       ***********************
    3 00000000         ;
    4 00000000         ; startup_rvmdk.S - Startup code for use with Keil's uVi
                       sion.
    5 00000000         ;
    6 00000000         ; Copyright (c) 2013-2014 Texas Instruments Incorporated
                       .  All rights reserved.
    7 00000000         ; Software License Agreement
    8 00000000         ; 
    9 00000000         ; Texas Instruments (TI) is supplying this software for 
                       use solely and
   10 00000000         ; exclusively on TI's microcontroller products. The soft
                       ware is owned by
   11 00000000         ; TI and/or its suppliers, and is protected under applic
                       able copyright
   12 00000000         ; laws. You may not combine this software with "viral" o
                       pen-source
   13 00000000         ; software in order to form a larger program.
   14 00000000         ; 
   15 00000000         ; THIS SOFTWARE IS PROVIDED "AS IS" AND WITH ALL FAULTS.
                       
   16 00000000         ; NO WARRANTIES, WHETHER EXPRESS, IMPLIED OR STATUTORY, 
                       INCLUDING, BUT
   17 00000000         ; NOT LIMITED TO, IMPLIED WARRANTIES OF MERCHANTABILITY 
                       AND FITNESS FOR
   18 00000000         ; A PARTICULAR PURPOSE APPLY TO THIS SOFTWARE. TI SHALL 
                       NOT, UNDER ANY
   19 00000000         ; CIRCUMSTANCES, BE LIABLE FOR SPECIAL, INCIDENTAL, OR C
                       ONSEQUENTIAL
   20 00000000         ; DAMAGES, FOR ANY REASON WHATSOEVER.
   21 00000000         ; 
   22 00000000         ; This is part of revision 2.1.0.12573 of the EK-TM4C129
                       4XL Firmware Package.
   23 00000000         ;
   24 00000000         ;*******************************************************
                       ***********************
   25 00000000         
   26 00000000         ;*******************************************************
                       ***********************
   27 00000000         ;
   28 00000000         ; <o> Stack Size (in Bytes) <0x0-0xFFFFFFFF:8>
   29 00000000         ;
   30 00000000         ;*******************************************************
                       ***********************
   31 00000000 00000400 
                       Stack   EQU              0x00000400
   32 00000000         
   33 00000000         ;*******************************************************
                       ***********************
   34 00000000         ;
   35 00000000         ; <o> Heap Size (in Bytes) <0x0-0xFFFFFFFF:8>
   36 00000000         ;
   37 00000000         ;*******************************************************
                       ***********************
   38 00000000 00000000 
                       Heap    EQU              0x00000000
   39 00000000         



ARM Macro Assembler    Page 2 


   40 00000000         ;*******************************************************
                       ***********************
   41 00000000         ;
   42 00000000         ; Allocate space for the stack.
   43 00000000         ;
   44 00000000         ;*******************************************************
                       ***********************
   45 00000000                 AREA             STACK, NOINIT, READWRITE, ALIGN
=3
   46 00000000         StackMem
   47 00000000                 SPACE            Stack
   48 00000400         __initial_sp
   49 00000400         
   50 00000400         ;*******************************************************
                       ***********************
   51 00000400         ;
   52 00000400         ; Allocate space for the heap.
   53 00000400         ;
   54 00000400         ;*******************************************************
                       ***********************
   55 00000400                 AREA             HEAP, NOINIT, READWRITE, ALIGN=
3
   56 00000000         __heap_base
   57 00000000         HeapMem
   58 00000000                 SPACE            Heap
   59 00000000         __heap_limit
   60 00000000         
   61 00000000         ;*******************************************************
                       ***********************
   62 00000000         ;
   63 00000000         ; Indicate that the code in this file preserves 8-byte a
                       lignment of the stack.
   64 00000000         ;
   65 00000000         ;*******************************************************
                       ***********************
   66 00000000                 PRESERVE8
   67 00000000         
   68 00000000         ;*******************************************************
                       ***********************
   69 00000000         ;
   70 00000000         ; Place code into the reset code section.
   71 00000000         ;
   72 00000000         ;*******************************************************
                       ***********************
   73 00000000                 AREA             RESET, CODE, READONLY
   74 00000000                 THUMB
   75 00000000         
   76 00000000         ;*******************************************************
                       ***********************
   77 00000000         ;
   78 00000000         ; External declarations for the interrupt handlers used 
                       by the application.
   79 00000000         ;
   80 00000000         ;*******************************************************
                       ***********************
   81 00000000                 EXTERN           GPIOPortMIntHandler
   82 00000000                 EXTERN           MPU9150I2CIntHandler
   83 00000000                 EXTERN           UARTStdioIntHandler
   84 00000000         



ARM Macro Assembler    Page 3 


   85 00000000         ;*******************************************************
                       ***********************
   86 00000000         ;
   87 00000000         ; The vector table.
   88 00000000         ;
   89 00000000         ;*******************************************************
                       ***********************
   90 00000000                 EXPORT           __Vectors
   91 00000000         __Vectors
   92 00000000 00000400        DCD              StackMem + Stack ; Top of Stack
                                                            
   93 00000004 00000000        DCD              Reset_Handler ; Reset Handler
   94 00000008 00000000        DCD              NmiSR       ; NMI Handler
   95 0000000C 00000000        DCD              FaultISR    ; Hard Fault Handle
                                                            r
   96 00000010 00000000        DCD              IntDefaultHandler ; The MPU fau
                                                            lt handler
   97 00000014 00000000        DCD              IntDefaultHandler ; The bus fau
                                                            lt handler
   98 00000018 00000000        DCD              IntDefaultHandler ; The usage f
                                                            ault handler
   99 0000001C 00000000        DCD              0           ; Reserved
  100 00000020 00000000        DCD              0           ; Reserved
  101 00000024 00000000        DCD              0           ; Reserved
  102 00000028 00000000        DCD              0           ; Reserved
  103 0000002C 00000000        DCD              IntDefaultHandler 
                                                            ; SVCall handler
  104 00000030 00000000        DCD              IntDefaultHandler ; Debug monit
                                                            or handler
  105 00000034 00000000        DCD              0           ; Reserved
  106 00000038 00000000        DCD              IntDefaultHandler ; The PendSV 
                                                            handler
  107 0000003C 00000000        DCD              IntDefaultHandler ; The SysTick
                                                             handler
  108 00000040 00000000        DCD              IntDefaultHandler ; GPIO Port A
                                                            
  109 00000044 00000000        DCD              IntDefaultHandler ; GPIO Port B
                                                            
  110 00000048 00000000        DCD              IntDefaultHandler ; GPIO Port C
                                                            
  111 0000004C 00000000        DCD              IntDefaultHandler ; GPIO Port D
                                                            
  112 00000050 00000000        DCD              IntDefaultHandler ; GPIO Port E
                                                            
  113 00000054 00000000        DCD              UARTStdioIntHandler 
                                                            ; UART0 Rx and Tx
  114 00000058 00000000        DCD              IntDefaultHandler 
                                                            ; UART1 Rx and Tx
  115 0000005C 00000000        DCD              IntDefaultHandler 
                                                            ; SSI0 Rx and Tx
  116 00000060 00000000        DCD              IntDefaultHandler ; I2C0 Master
                                                             and Slave
  117 00000064 00000000        DCD              IntDefaultHandler ; PWM Fault
  118 00000068 00000000        DCD              IntDefaultHandler 
                                                            ; PWM Generator 0
  119 0000006C 00000000        DCD              IntDefaultHandler 
                                                            ; PWM Generator 1
  120 00000070 00000000        DCD              IntDefaultHandler 
                                                            ; PWM Generator 2



ARM Macro Assembler    Page 4 


  121 00000074 00000000        DCD              IntDefaultHandler ; Quadrature 
                                                            Encoder 0
  122 00000078 00000000        DCD              IntDefaultHandler 
                                                            ; ADC Sequence 0
  123 0000007C 00000000        DCD              IntDefaultHandler 
                                                            ; ADC Sequence 1
  124 00000080 00000000        DCD              IntDefaultHandler 
                                                            ; ADC Sequence 2
  125 00000084 00000000        DCD              IntDefaultHandler 
                                                            ; ADC Sequence 3
  126 00000088 00000000        DCD              IntDefaultHandler 
                                                            ; Watchdog timer
  127 0000008C 00000000        DCD              IntDefaultHandler ; Timer 0 sub
                                                            timer A
  128 00000090 00000000        DCD              IntDefaultHandler ; Timer 0 sub
                                                            timer B
  129 00000094 00000000        DCD              IntDefaultHandler ; Timer 1 sub
                                                            timer A
  130 00000098 00000000        DCD              IntDefaultHandler ; Timer 1 sub
                                                            timer B
  131 0000009C 00000000        DCD              IntDefaultHandler ; Timer 2 sub
                                                            timer A
  132 000000A0 00000000        DCD              IntDefaultHandler ; Timer 2 sub
                                                            timer B
  133 000000A4 00000000        DCD              IntDefaultHandler ; Analog Comp
                                                            arator 0
  134 000000A8 00000000        DCD              IntDefaultHandler ; Analog Comp
                                                            arator 1
  135 000000AC 00000000        DCD              IntDefaultHandler ; Analog Comp
                                                            arator 2
  136 000000B0 00000000        DCD              IntDefaultHandler ; System Cont
                                                            rol (PLL, OSC, BO)
  137 000000B4 00000000        DCD              IntDefaultHandler 
                                                            ; FLASH Control
  138 000000B8 00000000        DCD              IntDefaultHandler ; GPIO Port F
                                                            
  139 000000BC 00000000        DCD              IntDefaultHandler ; GPIO Port G
                                                            
  140 000000C0 00000000        DCD              IntDefaultHandler ; GPIO Port H
                                                            
  141 000000C4 00000000        DCD              IntDefaultHandler 
                                                            ; UART2 Rx and Tx
  142 000000C8 00000000        DCD              IntDefaultHandler 
                                                            ; SSI1 Rx and Tx
  143 000000CC 00000000        DCD              IntDefaultHandler ; Timer 3 sub
                                                            timer A
  144 000000D0 00000000        DCD              IntDefaultHandler ; Timer 3 sub
                                                            timer B
  145 000000D4 00000000        DCD              IntDefaultHandler ; I2C1 Master
                                                             and Slave
  146 000000D8 00000000        DCD              IntDefaultHandler ; CAN0
  147 000000DC 00000000        DCD              IntDefaultHandler ; CAN1
  148 000000E0 00000000        DCD              IntDefaultHandler ; Ethernet
  149 000000E4 00000000        DCD              IntDefaultHandler ; Hibernate
  150 000000E8 00000000        DCD              IntDefaultHandler ; USB0
  151 000000EC 00000000        DCD              IntDefaultHandler 
                                                            ; PWM Generator 3
  152 000000F0 00000000        DCD              IntDefaultHandler ; uDMA Softwa
                                                            re Transfer



ARM Macro Assembler    Page 5 


  153 000000F4 00000000        DCD              IntDefaultHandler ; uDMA Error
  154 000000F8 00000000        DCD              IntDefaultHandler 
                                                            ; ADC1 Sequence 0
  155 000000FC 00000000        DCD              IntDefaultHandler 
                                                            ; ADC1 Sequence 1
  156 00000100 00000000        DCD              IntDefaultHandler 
                                                            ; ADC1 Sequence 2
  157 00000104 00000000        DCD              IntDefaultHandler 
                                                            ; ADC1 Sequence 3
  158 00000108 00000000        DCD              IntDefaultHandler ; External Bu
                                                            s Interface 0
  159 0000010C 00000000        DCD              IntDefaultHandler ; GPIO Port J
                                                            
  160 00000110 00000000        DCD              IntDefaultHandler ; GPIO Port K
                                                            
  161 00000114 00000000        DCD              IntDefaultHandler ; GPIO Port L
                                                            
  162 00000118 00000000        DCD              IntDefaultHandler 
                                                            ; SSI2 Rx and Tx
  163 0000011C 00000000        DCD              IntDefaultHandler 
                                                            ; SSI3 Rx and Tx
  164 00000120 00000000        DCD              IntDefaultHandler 
                                                            ; UART3 Rx and Tx
  165 00000124 00000000        DCD              IntDefaultHandler 
                                                            ; UART4 Rx and Tx
  166 00000128 00000000        DCD              IntDefaultHandler 
                                                            ; UART5 Rx and Tx
  167 0000012C 00000000        DCD              IntDefaultHandler 
                                                            ; UART6 Rx and Tx
  168 00000130 00000000        DCD              IntDefaultHandler 
                                                            ; UART7 Rx and Tx
  169 00000134 00000000        DCD              IntDefaultHandler ; I2C2 Master
                                                             and Slave
  170 00000138 00000000        DCD              IntDefaultHandler ; I2C3 Master
                                                             and Slave
  171 0000013C 00000000        DCD              IntDefaultHandler ; Timer 4 sub
                                                            timer A
  172 00000140 00000000        DCD              IntDefaultHandler ; Timer 4 sub
                                                            timer B
  173 00000144 00000000        DCD              IntDefaultHandler ; Timer 5 sub
                                                            timer A
  174 00000148 00000000        DCD              IntDefaultHandler ; Timer 5 sub
                                                            timer B
  175 0000014C 00000000        DCD              IntDefaultHandler ; FPU
  176 00000150 00000000        DCD              0           ; Reserved
  177 00000154 00000000        DCD              0           ; Reserved
  178 00000158 00000000        DCD              IntDefaultHandler ; I2C4 Master
                                                             and Slave
  179 0000015C 00000000        DCD              IntDefaultHandler ; I2C5 Master
                                                             and Slave
  180 00000160 00000000        DCD              GPIOPortMIntHandler 
                                                            ; GPIO Port M
  181 00000164 00000000        DCD              IntDefaultHandler ; GPIO Port N
                                                            
  182 00000168 00000000        DCD              0           ; Reserved
  183 0000016C 00000000        DCD              IntDefaultHandler ; Tamper
  184 00000170 00000000        DCD              IntDefaultHandler ; GPIO Port P
                                                             (Summary or P0)
  185 00000174 00000000        DCD              IntDefaultHandler 



ARM Macro Assembler    Page 6 


                                                            ; GPIO Port P1
  186 00000178 00000000        DCD              IntDefaultHandler 
                                                            ; GPIO Port P2
  187 0000017C 00000000        DCD              IntDefaultHandler 
                                                            ; GPIO Port P3
  188 00000180 00000000        DCD              IntDefaultHandler 
                                                            ; GPIO Port P4
  189 00000184 00000000        DCD              IntDefaultHandler 
                                                            ; GPIO Port P5
  190 00000188 00000000        DCD              IntDefaultHandler 
                                                            ; GPIO Port P6
  191 0000018C 00000000        DCD              IntDefaultHandler 
                                                            ; GPIO Port P7
  192 00000190 00000000        DCD              IntDefaultHandler ; GPIO Port Q
                                                             (Summary or Q0)
  193 00000194 00000000        DCD              IntDefaultHandler 
                                                            ; GPIO Port Q1
  194 00000198 00000000        DCD              IntDefaultHandler 
                                                            ; GPIO Port Q2
  195 0000019C 00000000        DCD              IntDefaultHandler 
                                                            ; GPIO Port Q3
  196 000001A0 00000000        DCD              IntDefaultHandler 
                                                            ; GPIO Port Q4
  197 000001A4 00000000        DCD              IntDefaultHandler 
                                                            ; GPIO Port Q5
  198 000001A8 00000000        DCD              IntDefaultHandler 
                                                            ; GPIO Port Q6
  199 000001AC 00000000        DCD              IntDefaultHandler 
                                                            ; GPIO Port Q7
  200 000001B0 00000000        DCD              IntDefaultHandler ; GPIO Port R
                                                            
  201 000001B4 00000000        DCD              IntDefaultHandler ; GPIO Port S
                                                            
  202 000001B8 00000000        DCD              IntDefaultHandler ; SHA/MD5 0
  203 000001BC 00000000        DCD              IntDefaultHandler ; AES 0
  204 000001C0 00000000        DCD              IntDefaultHandler ; DES3DES 0
  205 000001C4 00000000        DCD              IntDefaultHandler 
                                                            ; LCD Controller 0
  206 000001C8 00000000        DCD              IntDefaultHandler ; Timer 6 sub
                                                            timer A
  207 000001CC 00000000        DCD              IntDefaultHandler ; Timer 6 sub
                                                            timer B
  208 000001D0 00000000        DCD              IntDefaultHandler ; Timer 7 sub
                                                            timer A
  209 000001D4 00000000        DCD              IntDefaultHandler ; Timer 7 sub
                                                            timer B
  210 000001D8 00000000        DCD              IntDefaultHandler ; I2C6 Master
                                                             and Slave
  211 000001DC 00000000        DCD              MPU9150I2CIntHandler ; I2C7 Mas
                                                            ter and Slave
  212 000001E0 00000000        DCD              IntDefaultHandler ; HIM Scan Ma
                                                            trix Keyboard 0
  213 000001E4 00000000        DCD              IntDefaultHandler ; One Wire 0
  214 000001E8 00000000        DCD              IntDefaultHandler ; HIM PS/2 0
  215 000001EC 00000000        DCD              IntDefaultHandler ; HIM LED Seq
                                                            uencer 0
  216 000001F0 00000000        DCD              IntDefaultHandler 
                                                            ; HIM Consumer IR 0
                                                            



ARM Macro Assembler    Page 7 


  217 000001F4 00000000        DCD              IntDefaultHandler ; I2C8 Master
                                                             and Slave
  218 000001F8 00000000        DCD              IntDefaultHandler ; I2C9 Master
                                                             and Slave
  219 000001FC 00000000        DCD              IntDefaultHandler ; GPIO Port T
                                                            
  220 00000200         
  221 00000200         ;*******************************************************
                       ***********************
  222 00000200         ;
  223 00000200         ; This is the code that gets called when the processor f
                       irst starts execution
  224 00000200         ; following a reset event.
  225 00000200         ;
  226 00000200         ;*******************************************************
                       ***********************
  227 00000200                 EXPORT           Reset_Handler
  228 00000200         Reset_Handler
  229 00000200         ;
  230 00000200         ; Enable the floating-point unit.  This must be done her
                       e to handle the
  231 00000200         ; case where main() uses floating-point and the function
                        prologue saves
  232 00000200         ; floating-point registers (which will fault if floating
                       -point is not
  233 00000200         ; enabled).  Any configuration of the floating-point uni
                       t using
  234 00000200         ; DriverLib APIs must be done here prior to the floating
                       -point unit
  235 00000200         ; being enabled.
  236 00000200         ;
  237 00000200         ; Note that this does not use DriverLib since it might n
                       ot be included
  238 00000200         ; in this project.
  239 00000200         ;
  240 00000200 F64E 5088       MOVW             R0, #0xED88
  241 00000204 F2CE 0000       MOVT             R0, #0xE000
  242 00000208 6801            LDR              R1, [R0]
  243 0000020A F441 0170       ORR              R1, #0x00F00000
  244 0000020E 6001            STR              R1, [R0]
  245 00000210         
  246 00000210         ;
  247 00000210         ; Call the C library enty point that handles startup.  T
                       his will copy
  248 00000210         ; the .data section initializers from flash to SRAM and 
                       zero fill the
  249 00000210         ; .bss section.
  250 00000210         ;
  251 00000210                 IMPORT           __main
  252 00000210 F7FF BFFE       B                __main
  253 00000214         
  254 00000214         ;*******************************************************
                       ***********************
  255 00000214         ;
  256 00000214         ; This is the code that gets called when the processor r
                       eceives a NMI.  This
  257 00000214         ; simply enters an infinite loop, preserving the system 
                       state for examination
  258 00000214         ; by a debugger.



ARM Macro Assembler    Page 8 


  259 00000214         ;
  260 00000214         ;*******************************************************
                       ***********************
  261 00000214         NmiSR
  262 00000214 E7FE            B                NmiSR
  263 00000216         
  264 00000216         ;*******************************************************
                       ***********************
  265 00000216         ;
  266 00000216         ; This is the code that gets called when the processor r
                       eceives a fault
  267 00000216         ; interrupt.  This simply enters an infinite loop, prese
                       rving the system state
  268 00000216         ; for examination by a debugger.
  269 00000216         ;
  270 00000216         ;*******************************************************
                       ***********************
  271 00000216         FaultISR
  272 00000216 E7FE            B                FaultISR
  273 00000218         
  274 00000218         ;*******************************************************
                       ***********************
  275 00000218         ;
  276 00000218         ; This is the code that gets called when the processor r
                       eceives an unexpected
  277 00000218         ; interrupt.  This simply enters an infinite loop, prese
                       rving the system state
  278 00000218         ; for examination by a debugger.
  279 00000218         ;
  280 00000218         ;*******************************************************
                       ***********************
  281 00000218         IntDefaultHandler
  282 00000218 E7FE            B                IntDefaultHandler
  283 0000021A         
  284 0000021A         ;*******************************************************
                       ***********************
  285 0000021A         ;
  286 0000021A         ; Make sure the end of this section is aligned.
  287 0000021A         ;
  288 0000021A         ;*******************************************************
                       ***********************
  289 0000021A 00 00           ALIGN
  290 0000021C         
  291 0000021C         ;*******************************************************
                       ***********************
  292 0000021C         ;
  293 0000021C         ; Some code in the normal code section for initializing 
                       the heap and stack.
  294 0000021C         ;
  295 0000021C         ;*******************************************************
                       ***********************
  296 0000021C                 AREA             |.text|, CODE, READONLY
  297 00000000         
  298 00000000         ;*******************************************************
                       ***********************
  299 00000000         ;
  300 00000000         ; The function expected of the C library startup code fo
                       r defining the stack
  301 00000000         ; and heap memory locations.  For the C library version 



ARM Macro Assembler    Page 9 


                       of the startup code,
  302 00000000         ; provide this function so that the C library initializa
                       tion code can find out
  303 00000000         ; the location of the stack and heap.
  304 00000000         ;
  305 00000000         ;*******************************************************
                       ***********************
  306 00000000                 IF               :DEF: __MICROLIB
  311 00000000                 IMPORT           __use_two_region_memory
  312 00000000                 EXPORT           __user_initial_stackheap
  313 00000000         __user_initial_stackheap
  314 00000000 4802            LDR              R0, =HeapMem
  315 00000002 4903            LDR              R1, =(StackMem + Stack)
  316 00000004 4A01            LDR              R2, =(HeapMem + Heap)
  317 00000006 4B03            LDR              R3, =StackMem
  318 00000008 4770            BX               LR
  319 0000000A                 ENDIF
  320 0000000A         
  321 0000000A         ;*******************************************************
                       ***********************
  322 0000000A         ;
  323 0000000A         ; Make sure the end of this section is aligned.
  324 0000000A         ;
  325 0000000A         ;*******************************************************
                       ***********************
  326 0000000A 00 00           ALIGN
  327 0000000C         
  328 0000000C         ;*******************************************************
                       ***********************
  329 0000000C         ;
  330 0000000C         ; Tell the assembler that we're done.
  331 0000000C         ;
  332 0000000C         ;*******************************************************
                       ***********************
  333 0000000C                 END
              00000000 
              00000400 
              00000000 
Command Line: --debug --xref --cpu=Cortex-M4.fp --apcs=interwork --depend=.\sta
rtup_rvmdk.d -o.\startup_rvmdk.o -IC:\Keil\ARM\RV31\INC -IC:\Keil\ARM\CMSIS\Inc
lude -IC:\Keil\ARM\Inc\TI\TM4C129 --predefine="__EVAL SETA 1" --list=.\startup_
rvmdk.lst ..\..\ek-tm4c1294xl-boostxl-senshub\compdcm_mpu9150\startup_rvmdk.S



ARM Macro Assembler    Page 1 Alphabetic symbol ordering
Relocatable symbols

STACK 00000000

Symbol: STACK
   Definitions
      At line 45 in file ..\..\ek-tm4c1294xl-boostxl-senshub\compdcm_mpu9150\st
artup_rvmdk.S
   Uses
      None
Comment: STACK unused
StackMem 00000000

Symbol: StackMem
   Definitions
      At line 46 in file ..\..\ek-tm4c1294xl-boostxl-senshub\compdcm_mpu9150\st
artup_rvmdk.S
   Uses
      At line 92 in file ..\..\ek-tm4c1294xl-boostxl-senshub\compdcm_mpu9150\st
artup_rvmdk.S
      At line 315 in file ..\..\ek-tm4c1294xl-boostxl-senshub\compdcm_mpu9150\s
tartup_rvmdk.S
      At line 317 in file ..\..\ek-tm4c1294xl-boostxl-senshub\compdcm_mpu9150\s
tartup_rvmdk.S

__initial_sp 00000400

Symbol: __initial_sp
   Definitions
      At line 48 in file ..\..\ek-tm4c1294xl-boostxl-senshub\compdcm_mpu9150\st
artup_rvmdk.S
   Uses
      None
Comment: __initial_sp unused
3 symbols



ARM Macro Assembler    Page 1 Alphabetic symbol ordering
Relocatable symbols

HEAP 00000000

Symbol: HEAP
   Definitions
      At line 55 in file ..\..\ek-tm4c1294xl-boostxl-senshub\compdcm_mpu9150\st
artup_rvmdk.S
   Uses
      None
Comment: HEAP unused
HeapMem 00000000

Symbol: HeapMem
   Definitions
      At line 57 in file ..\..\ek-tm4c1294xl-boostxl-senshub\compdcm_mpu9150\st
artup_rvmdk.S
   Uses
      At line 314 in file ..\..\ek-tm4c1294xl-boostxl-senshub\compdcm_mpu9150\s
tartup_rvmdk.S
      At line 316 in file ..\..\ek-tm4c1294xl-boostxl-senshub\compdcm_mpu9150\s
tartup_rvmdk.S

__heap_base 00000000

Symbol: __heap_base
   Definitions
      At line 56 in file ..\..\ek-tm4c1294xl-boostxl-senshub\compdcm_mpu9150\st
artup_rvmdk.S
   Uses
      None
Comment: __heap_base unused
__heap_limit 00000000

Symbol: __heap_limit
   Definitions
      At line 59 in file ..\..\ek-tm4c1294xl-boostxl-senshub\compdcm_mpu9150\st
artup_rvmdk.S
   Uses
      None
Comment: __heap_limit unused
4 symbols



ARM Macro Assembler    Page 1 Alphabetic symbol ordering
Relocatable symbols

FaultISR 00000216

Symbol: FaultISR
   Definitions
      At line 271 in file ..\..\ek-tm4c1294xl-boostxl-senshub\compdcm_mpu9150\s
tartup_rvmdk.S
   Uses
      At line 95 in file ..\..\ek-tm4c1294xl-boostxl-senshub\compdcm_mpu9150\st
artup_rvmdk.S
      At line 272 in file ..\..\ek-tm4c1294xl-boostxl-senshub\compdcm_mpu9150\s
tartup_rvmdk.S

IntDefaultHandler 00000218

Symbol: IntDefaultHandler
   Definitions
      At line 281 in file ..\..\ek-tm4c1294xl-boostxl-senshub\compdcm_mpu9150\s
tartup_rvmdk.S
   Uses
      At line 96 in file ..\..\ek-tm4c1294xl-boostxl-senshub\compdcm_mpu9150\st
artup_rvmdk.S
      At line 97 in file ..\..\ek-tm4c1294xl-boostxl-senshub\compdcm_mpu9150\st
artup_rvmdk.S
      At line 98 in file ..\..\ek-tm4c1294xl-boostxl-senshub\compdcm_mpu9150\st
artup_rvmdk.S
      At line 103 in file ..\..\ek-tm4c1294xl-boostxl-senshub\compdcm_mpu9150\s
tartup_rvmdk.S
      At line 104 in file ..\..\ek-tm4c1294xl-boostxl-senshub\compdcm_mpu9150\s
tartup_rvmdk.S
      At line 106 in file ..\..\ek-tm4c1294xl-boostxl-senshub\compdcm_mpu9150\s
tartup_rvmdk.S
      At line 107 in file ..\..\ek-tm4c1294xl-boostxl-senshub\compdcm_mpu9150\s
tartup_rvmdk.S
      At line 108 in file ..\..\ek-tm4c1294xl-boostxl-senshub\compdcm_mpu9150\s
tartup_rvmdk.S
      At line 109 in file ..\..\ek-tm4c1294xl-boostxl-senshub\compdcm_mpu9150\s
tartup_rvmdk.S
      At line 110 in file ..\..\ek-tm4c1294xl-boostxl-senshub\compdcm_mpu9150\s
tartup_rvmdk.S
      At line 111 in file ..\..\ek-tm4c1294xl-boostxl-senshub\compdcm_mpu9150\s
tartup_rvmdk.S
      At line 112 in file ..\..\ek-tm4c1294xl-boostxl-senshub\compdcm_mpu9150\s
tartup_rvmdk.S
      At line 114 in file ..\..\ek-tm4c1294xl-boostxl-senshub\compdcm_mpu9150\s
tartup_rvmdk.S
      At line 115 in file ..\..\ek-tm4c1294xl-boostxl-senshub\compdcm_mpu9150\s
tartup_rvmdk.S
      At line 116 in file ..\..\ek-tm4c1294xl-boostxl-senshub\compdcm_mpu9150\s
tartup_rvmdk.S
      At line 117 in file ..\..\ek-tm4c1294xl-boostxl-senshub\compdcm_mpu9150\s
tartup_rvmdk.S
      At line 118 in file ..\..\ek-tm4c1294xl-boostxl-senshub\compdcm_mpu9150\s
tartup_rvmdk.S
      At line 119 in file ..\..\ek-tm4c1294xl-boostxl-senshub\compdcm_mpu9150\s
tartup_rvmdk.S
      At line 120 in file ..\..\ek-tm4c1294xl-boostxl-senshub\compdcm_mpu9150\s
tartup_rvmdk.S
      At line 121 in file ..\..\ek-tm4c1294xl-boostxl-senshub\compdcm_mpu9150\s
tartup_rvmdk.S



ARM Macro Assembler    Page 2 Alphabetic symbol ordering
Relocatable symbols

      At line 122 in file ..\..\ek-tm4c1294xl-boostxl-senshub\compdcm_mpu9150\s
tartup_rvmdk.S
      At line 123 in file ..\..\ek-tm4c1294xl-boostxl-senshub\compdcm_mpu9150\s
tartup_rvmdk.S
      At line 124 in file ..\..\ek-tm4c1294xl-boostxl-senshub\compdcm_mpu9150\s
tartup_rvmdk.S
      At line 125 in file ..\..\ek-tm4c1294xl-boostxl-senshub\compdcm_mpu9150\s
tartup_rvmdk.S
      At line 126 in file ..\..\ek-tm4c1294xl-boostxl-senshub\compdcm_mpu9150\s
tartup_rvmdk.S
      At line 127 in file ..\..\ek-tm4c1294xl-boostxl-senshub\compdcm_mpu9150\s
tartup_rvmdk.S
      At line 128 in file ..\..\ek-tm4c1294xl-boostxl-senshub\compdcm_mpu9150\s
tartup_rvmdk.S
      At line 129 in file ..\..\ek-tm4c1294xl-boostxl-senshub\compdcm_mpu9150\s
tartup_rvmdk.S
      At line 130 in file ..\..\ek-tm4c1294xl-boostxl-senshub\compdcm_mpu9150\s
tartup_rvmdk.S
      At line 131 in file ..\..\ek-tm4c1294xl-boostxl-senshub\compdcm_mpu9150\s
tartup_rvmdk.S
      At line 132 in file ..\..\ek-tm4c1294xl-boostxl-senshub\compdcm_mpu9150\s
tartup_rvmdk.S
      At line 133 in file ..\..\ek-tm4c1294xl-boostxl-senshub\compdcm_mpu9150\s
tartup_rvmdk.S
      At line 134 in file ..\..\ek-tm4c1294xl-boostxl-senshub\compdcm_mpu9150\s
tartup_rvmdk.S
      At line 135 in file ..\..\ek-tm4c1294xl-boostxl-senshub\compdcm_mpu9150\s
tartup_rvmdk.S
      At line 136 in file ..\..\ek-tm4c1294xl-boostxl-senshub\compdcm_mpu9150\s
tartup_rvmdk.S
      At line 137 in file ..\..\ek-tm4c1294xl-boostxl-senshub\compdcm_mpu9150\s
tartup_rvmdk.S
      At line 138 in file ..\..\ek-tm4c1294xl-boostxl-senshub\compdcm_mpu9150\s
tartup_rvmdk.S
      At line 139 in file ..\..\ek-tm4c1294xl-boostxl-senshub\compdcm_mpu9150\s
tartup_rvmdk.S
      At line 140 in file ..\..\ek-tm4c1294xl-boostxl-senshub\compdcm_mpu9150\s
tartup_rvmdk.S
      At line 141 in file ..\..\ek-tm4c1294xl-boostxl-senshub\compdcm_mpu9150\s
tartup_rvmdk.S
      At line 142 in file ..\..\ek-tm4c1294xl-boostxl-senshub\compdcm_mpu9150\s
tartup_rvmdk.S
      At line 143 in file ..\..\ek-tm4c1294xl-boostxl-senshub\compdcm_mpu9150\s
tartup_rvmdk.S
      At line 144 in file ..\..\ek-tm4c1294xl-boostxl-senshub\compdcm_mpu9150\s
tartup_rvmdk.S
      At line 145 in file ..\..\ek-tm4c1294xl-boostxl-senshub\compdcm_mpu9150\s
tartup_rvmdk.S
      At line 146 in file ..\..\ek-tm4c1294xl-boostxl-senshub\compdcm_mpu9150\s
tartup_rvmdk.S
      At line 147 in file ..\..\ek-tm4c1294xl-boostxl-senshub\compdcm_mpu9150\s
tartup_rvmdk.S
      At line 148 in file ..\..\ek-tm4c1294xl-boostxl-senshub\compdcm_mpu9150\s
tartup_rvmdk.S
      At line 149 in file ..\..\ek-tm4c1294xl-boostxl-senshub\compdcm_mpu9150\s
tartup_rvmdk.S
      At line 150 in file ..\..\ek-tm4c1294xl-boostxl-senshub\compdcm_mpu9150\s
tartup_rvmdk.S
      At line 151 in file ..\..\ek-tm4c1294xl-boostxl-senshub\compdcm_mpu9150\s



ARM Macro Assembler    Page 3 Alphabetic symbol ordering
Relocatable symbols

tartup_rvmdk.S
      At line 152 in file ..\..\ek-tm4c1294xl-boostxl-senshub\compdcm_mpu9150\s
tartup_rvmdk.S
      At line 153 in file ..\..\ek-tm4c1294xl-boostxl-senshub\compdcm_mpu9150\s
tartup_rvmdk.S
      At line 154 in file ..\..\ek-tm4c1294xl-boostxl-senshub\compdcm_mpu9150\s
tartup_rvmdk.S
      At line 155 in file ..\..\ek-tm4c1294xl-boostxl-senshub\compdcm_mpu9150\s
tartup_rvmdk.S
      At line 156 in file ..\..\ek-tm4c1294xl-boostxl-senshub\compdcm_mpu9150\s
tartup_rvmdk.S
      At line 157 in file ..\..\ek-tm4c1294xl-boostxl-senshub\compdcm_mpu9150\s
tartup_rvmdk.S
      At line 158 in file ..\..\ek-tm4c1294xl-boostxl-senshub\compdcm_mpu9150\s
tartup_rvmdk.S
      At line 159 in file ..\..\ek-tm4c1294xl-boostxl-senshub\compdcm_mpu9150\s
tartup_rvmdk.S
      At line 160 in file ..\..\ek-tm4c1294xl-boostxl-senshub\compdcm_mpu9150\s
tartup_rvmdk.S
      At line 161 in file ..\..\ek-tm4c1294xl-boostxl-senshub\compdcm_mpu9150\s
tartup_rvmdk.S
      At line 162 in file ..\..\ek-tm4c1294xl-boostxl-senshub\compdcm_mpu9150\s
tartup_rvmdk.S
      At line 163 in file ..\..\ek-tm4c1294xl-boostxl-senshub\compdcm_mpu9150\s
tartup_rvmdk.S
      At line 164 in file ..\..\ek-tm4c1294xl-boostxl-senshub\compdcm_mpu9150\s
tartup_rvmdk.S
      At line 165 in file ..\..\ek-tm4c1294xl-boostxl-senshub\compdcm_mpu9150\s
tartup_rvmdk.S
      At line 166 in file ..\..\ek-tm4c1294xl-boostxl-senshub\compdcm_mpu9150\s
tartup_rvmdk.S
      At line 167 in file ..\..\ek-tm4c1294xl-boostxl-senshub\compdcm_mpu9150\s
tartup_rvmdk.S
      At line 168 in file ..\..\ek-tm4c1294xl-boostxl-senshub\compdcm_mpu9150\s
tartup_rvmdk.S
      At line 169 in file ..\..\ek-tm4c1294xl-boostxl-senshub\compdcm_mpu9150\s
tartup_rvmdk.S
      At line 170 in file ..\..\ek-tm4c1294xl-boostxl-senshub\compdcm_mpu9150\s
tartup_rvmdk.S
      At line 171 in file ..\..\ek-tm4c1294xl-boostxl-senshub\compdcm_mpu9150\s
tartup_rvmdk.S
      At line 172 in file ..\..\ek-tm4c1294xl-boostxl-senshub\compdcm_mpu9150\s
tartup_rvmdk.S
      At line 173 in file ..\..\ek-tm4c1294xl-boostxl-senshub\compdcm_mpu9150\s
tartup_rvmdk.S
      At line 174 in file ..\..\ek-tm4c1294xl-boostxl-senshub\compdcm_mpu9150\s
tartup_rvmdk.S
      At line 175 in file ..\..\ek-tm4c1294xl-boostxl-senshub\compdcm_mpu9150\s
tartup_rvmdk.S
      At line 178 in file ..\..\ek-tm4c1294xl-boostxl-senshub\compdcm_mpu9150\s
tartup_rvmdk.S
      At line 179 in file ..\..\ek-tm4c1294xl-boostxl-senshub\compdcm_mpu9150\s
tartup_rvmdk.S
      At line 181 in file ..\..\ek-tm4c1294xl-boostxl-senshub\compdcm_mpu9150\s
tartup_rvmdk.S
      At line 183 in file ..\..\ek-tm4c1294xl-boostxl-senshub\compdcm_mpu9150\s
tartup_rvmdk.S
      At line 184 in file ..\..\ek-tm4c1294xl-boostxl-senshub\compdcm_mpu9150\s
tartup_rvmdk.S



ARM Macro Assembler    Page 4 Alphabetic symbol ordering
Relocatable symbols

      At line 185 in file ..\..\ek-tm4c1294xl-boostxl-senshub\compdcm_mpu9150\s
tartup_rvmdk.S
      At line 186 in file ..\..\ek-tm4c1294xl-boostxl-senshub\compdcm_mpu9150\s
tartup_rvmdk.S
      At line 187 in file ..\..\ek-tm4c1294xl-boostxl-senshub\compdcm_mpu9150\s
tartup_rvmdk.S
      At line 188 in file ..\..\ek-tm4c1294xl-boostxl-senshub\compdcm_mpu9150\s
tartup_rvmdk.S
      At line 189 in file ..\..\ek-tm4c1294xl-boostxl-senshub\compdcm_mpu9150\s
tartup_rvmdk.S
      At line 190 in file ..\..\ek-tm4c1294xl-boostxl-senshub\compdcm_mpu9150\s
tartup_rvmdk.S
      At line 191 in file ..\..\ek-tm4c1294xl-boostxl-senshub\compdcm_mpu9150\s
tartup_rvmdk.S
      At line 192 in file ..\..\ek-tm4c1294xl-boostxl-senshub\compdcm_mpu9150\s
tartup_rvmdk.S
      At line 193 in file ..\..\ek-tm4c1294xl-boostxl-senshub\compdcm_mpu9150\s
tartup_rvmdk.S
      At line 194 in file ..\..\ek-tm4c1294xl-boostxl-senshub\compdcm_mpu9150\s
tartup_rvmdk.S
      At line 195 in file ..\..\ek-tm4c1294xl-boostxl-senshub\compdcm_mpu9150\s
tartup_rvmdk.S
      At line 196 in file ..\..\ek-tm4c1294xl-boostxl-senshub\compdcm_mpu9150\s
tartup_rvmdk.S
      At line 197 in file ..\..\ek-tm4c1294xl-boostxl-senshub\compdcm_mpu9150\s
tartup_rvmdk.S
      At line 198 in file ..\..\ek-tm4c1294xl-boostxl-senshub\compdcm_mpu9150\s
tartup_rvmdk.S
      At line 199 in file ..\..\ek-tm4c1294xl-boostxl-senshub\compdcm_mpu9150\s
tartup_rvmdk.S
      At line 200 in file ..\..\ek-tm4c1294xl-boostxl-senshub\compdcm_mpu9150\s
tartup_rvmdk.S
      At line 201 in file ..\..\ek-tm4c1294xl-boostxl-senshub\compdcm_mpu9150\s
tartup_rvmdk.S
      At line 202 in file ..\..\ek-tm4c1294xl-boostxl-senshub\compdcm_mpu9150\s
tartup_rvmdk.S
      At line 203 in file ..\..\ek-tm4c1294xl-boostxl-senshub\compdcm_mpu9150\s
tartup_rvmdk.S
      At line 204 in file ..\..\ek-tm4c1294xl-boostxl-senshub\compdcm_mpu9150\s
tartup_rvmdk.S
      At line 205 in file ..\..\ek-tm4c1294xl-boostxl-senshub\compdcm_mpu9150\s
tartup_rvmdk.S
      At line 206 in file ..\..\ek-tm4c1294xl-boostxl-senshub\compdcm_mpu9150\s
tartup_rvmdk.S
      At line 207 in file ..\..\ek-tm4c1294xl-boostxl-senshub\compdcm_mpu9150\s
tartup_rvmdk.S
      At line 208 in file ..\..\ek-tm4c1294xl-boostxl-senshub\compdcm_mpu9150\s
tartup_rvmdk.S
      At line 209 in file ..\..\ek-tm4c1294xl-boostxl-senshub\compdcm_mpu9150\s
tartup_rvmdk.S
      At line 210 in file ..\..\ek-tm4c1294xl-boostxl-senshub\compdcm_mpu9150\s
tartup_rvmdk.S
      At line 212 in file ..\..\ek-tm4c1294xl-boostxl-senshub\compdcm_mpu9150\s
tartup_rvmdk.S
      At line 213 in file ..\..\ek-tm4c1294xl-boostxl-senshub\compdcm_mpu9150\s
tartup_rvmdk.S
      At line 214 in file ..\..\ek-tm4c1294xl-boostxl-senshub\compdcm_mpu9150\s
tartup_rvmdk.S
      At line 215 in file ..\..\ek-tm4c1294xl-boostxl-senshub\compdcm_mpu9150\s



ARM Macro Assembler    Page 5 Alphabetic symbol ordering
Relocatable symbols

tartup_rvmdk.S
      At line 216 in file ..\..\ek-tm4c1294xl-boostxl-senshub\compdcm_mpu9150\s
tartup_rvmdk.S
      At line 217 in file ..\..\ek-tm4c1294xl-boostxl-senshub\compdcm_mpu9150\s
tartup_rvmdk.S
      At line 218 in file ..\..\ek-tm4c1294xl-boostxl-senshub\compdcm_mpu9150\s
tartup_rvmdk.S
      At line 219 in file ..\..\ek-tm4c1294xl-boostxl-senshub\compdcm_mpu9150\s
tartup_rvmdk.S
      At line 282 in file ..\..\ek-tm4c1294xl-boostxl-senshub\compdcm_mpu9150\s
tartup_rvmdk.S

NmiSR 00000214

Symbol: NmiSR
   Definitions
      At line 261 in file ..\..\ek-tm4c1294xl-boostxl-senshub\compdcm_mpu9150\s
tartup_rvmdk.S
   Uses
      At line 94 in file ..\..\ek-tm4c1294xl-boostxl-senshub\compdcm_mpu9150\st
artup_rvmdk.S
      At line 262 in file ..\..\ek-tm4c1294xl-boostxl-senshub\compdcm_mpu9150\s
tartup_rvmdk.S

RESET 00000000

Symbol: RESET
   Definitions
      At line 73 in file ..\..\ek-tm4c1294xl-boostxl-senshub\compdcm_mpu9150\st
artup_rvmdk.S
   Uses
      None
Comment: RESET unused
Reset_Handler 00000200

Symbol: Reset_Handler
   Definitions
      At line 228 in file ..\..\ek-tm4c1294xl-boostxl-senshub\compdcm_mpu9150\s
tartup_rvmdk.S
   Uses
      At line 93 in file ..\..\ek-tm4c1294xl-boostxl-senshub\compdcm_mpu9150\st
artup_rvmdk.S
      At line 227 in file ..\..\ek-tm4c1294xl-boostxl-senshub\compdcm_mpu9150\s
tartup_rvmdk.S

__Vectors 00000000

Symbol: __Vectors
   Definitions
      At line 91 in file ..\..\ek-tm4c1294xl-boostxl-senshub\compdcm_mpu9150\st
artup_rvmdk.S
   Uses
      At line 90 in file ..\..\ek-tm4c1294xl-boostxl-senshub\compdcm_mpu9150\st
artup_rvmdk.S
Comment: __Vectors used once
6 symbols



ARM Macro Assembler    Page 1 Alphabetic symbol ordering
Relocatable symbols

.text 00000000

Symbol: .text
   Definitions
      At line 296 in file ..\..\ek-tm4c1294xl-boostxl-senshub\compdcm_mpu9150\s
tartup_rvmdk.S
   Uses
      None
Comment: .text unused
__user_initial_stackheap 00000000

Symbol: __user_initial_stackheap
   Definitions
      At line 313 in file ..\..\ek-tm4c1294xl-boostxl-senshub\compdcm_mpu9150\s
tartup_rvmdk.S
   Uses
      At line 312 in file ..\..\ek-tm4c1294xl-boostxl-senshub\compdcm_mpu9150\s
tartup_rvmdk.S
Comment: __user_initial_stackheap used once
2 symbols



ARM Macro Assembler    Page 1 Alphabetic symbol ordering
Absolute symbols

Heap 00000000

Symbol: Heap
   Definitions
      At line 38 in file ..\..\ek-tm4c1294xl-boostxl-senshub\compdcm_mpu9150\st
artup_rvmdk.S
   Uses
      At line 58 in file ..\..\ek-tm4c1294xl-boostxl-senshub\compdcm_mpu9150\st
artup_rvmdk.S
      At line 316 in file ..\..\ek-tm4c1294xl-boostxl-senshub\compdcm_mpu9150\s
tartup_rvmdk.S

Stack 00000400

Symbol: Stack
   Definitions
      At line 31 in file ..\..\ek-tm4c1294xl-boostxl-senshub\compdcm_mpu9150\st
artup_rvmdk.S
   Uses
      At line 47 in file ..\..\ek-tm4c1294xl-boostxl-senshub\compdcm_mpu9150\st
artup_rvmdk.S
      At line 92 in file ..\..\ek-tm4c1294xl-boostxl-senshub\compdcm_mpu9150\st
artup_rvmdk.S
      At line 315 in file ..\..\ek-tm4c1294xl-boostxl-senshub\compdcm_mpu9150\s
tartup_rvmdk.S

2 symbols



ARM Macro Assembler    Page 1 Alphabetic symbol ordering
External symbols

GPIOPortMIntHandler 00000000

Symbol: GPIOPortMIntHandler
   Definitions
      At line 81 in file ..\..\ek-tm4c1294xl-boostxl-senshub\compdcm_mpu9150\st
artup_rvmdk.S
   Uses
      At line 180 in file ..\..\ek-tm4c1294xl-boostxl-senshub\compdcm_mpu9150\s
tartup_rvmdk.S
Comment: GPIOPortMIntHandler used once
MPU9150I2CIntHandler 00000000

Symbol: MPU9150I2CIntHandler
   Definitions
      At line 82 in file ..\..\ek-tm4c1294xl-boostxl-senshub\compdcm_mpu9150\st
artup_rvmdk.S
   Uses
      At line 211 in file ..\..\ek-tm4c1294xl-boostxl-senshub\compdcm_mpu9150\s
tartup_rvmdk.S
Comment: MPU9150I2CIntHandler used once
UARTStdioIntHandler 00000000

Symbol: UARTStdioIntHandler
   Definitions
      At line 83 in file ..\..\ek-tm4c1294xl-boostxl-senshub\compdcm_mpu9150\st
artup_rvmdk.S
   Uses
      At line 113 in file ..\..\ek-tm4c1294xl-boostxl-senshub\compdcm_mpu9150\s
tartup_rvmdk.S
Comment: UARTStdioIntHandler used once
__main 00000000

Symbol: __main
   Definitions
      At line 251 in file ..\..\ek-tm4c1294xl-boostxl-senshub\compdcm_mpu9150\s
tartup_rvmdk.S
   Uses
      At line 252 in file ..\..\ek-tm4c1294xl-boostxl-senshub\compdcm_mpu9150\s
tartup_rvmdk.S
Comment: __main used once
__use_two_region_memory 00000000

Symbol: __use_two_region_memory
   Definitions
      At line 311 in file ..\..\ek-tm4c1294xl-boostxl-senshub\compdcm_mpu9150\s
tartup_rvmdk.S
   Uses
      None
Comment: __use_two_region_memory unused
5 symbols
358 symbols in table
